-------------------------------------------------------------------------------
Test set: TestCalculadora
-------------------------------------------------------------------------------
Tests run: 1, Failures: 1, Errors: 0, Skipped: 0, Time elapsed: 0.211 s <<< FAILURE! - in TestCalculadora
sumar70y40multiplicadoPor25noDa2700  Time elapsed: 0.117 s  <<< FAILURE!
org.opentest4j.AssertionFailedError: expected: <2700.0> but was: <2750.0>
	at TestCalculadora.sumar70y40multiplicadoPor25noDa2700(TestCalculadora.java:76)

